<?xml version="1.0" encoding="UTF-8"?>
<!-- Generated by org.testng.reporters.JUnitXMLReporter -->
<testsuite hostname="PC329535" ignored="0" name="MyAdminSmokeSeven" tests="1" failures="1" timestamp="21 Dec 2017 09:30:15 GMT" time="0.584" errors="0">
  <testcase name="@AfterTest afterTest" time="0.457" classname="automationFramework.Accommodation_booking_for_adults_with_children">
    <failure type="java.lang.NullPointerException">
      <![CDATA[java.lang.NullPointerExceptionat automationFramework.Accommodation_booking_for_adults_with_children.afterTest(Accommodation_booking_for_adults_with_children.java:275)... Removed 24 stack frames]]>
    </failure>
  </testcase> <!-- @AfterTest afterTest -->
  <testcase name="book" time="0.023" classname="automationFramework.Accommodation_booking_for_adults_with_children">
    <failure type="java.lang.NullPointerException">
      <![CDATA[java.lang.NullPointerExceptionat lib.ExcelDataConfig.<init>(ExcelDataConfig.java:31)at automationFramework.Accommodation_booking_for_adults_with_children.book(Accommodation_booking_for_adults_with_children.java:65)... Removed 25 stack frames]]>
    </failure>
  </testcase> <!-- book -->
</testsuite> <!-- MyAdminSmokeSeven -->
