<?xml version="1.0" encoding="UTF-8"?>
<!-- Generated by org.testng.reporters.JUnitXMLReporter -->
<testsuite hostname="PC350015" name="MyAdminSmoke" tests="4" failures="0" timestamp="5 Oct 2017 05:22:56 GMT" time="129.791" errors="0">
  <testcase name="@AfterTest afterTest" time="0.0" classname="automationFramework.Accommodation_booking_for_adults_with_children">
    <failure type="java.io.FileNotFoundException" message="D:\Kaustav\excel-report.xlsx (The system cannot find the path specified)">
      <![CDATA[java.io.FileNotFoundException: D:\Kaustav\excel-report.xlsx (The system cannot find the path specified)
	at java.io.FileOutputStream.open0(Native Method)
	at java.io.FileOutputStream.open(Unknown Source)
	at java.io.FileOutputStream.<init>(Unknown Source)
	at java.io.FileOutputStream.<init>(Unknown Source)
	at org.automationtesting.excelreport.Xl.generateReport(Xl.java:432)
	at lib.GenerateReport.report(GenerateReport.java:11)
	at automationFramework.Accommodation_booking_for_adults_with_children.afterTest(Accommodation_booking_for_adults_with_children.java:162)
... Removed 22 stack frames]]>
    </failure>
  </testcase> <!-- @AfterTest afterTest -->
  <testcase name="@AfterTest afterTest" time="0.0" classname="automationFramework.Accommodation_booking_for_adults_with_children">
    <skipped/>
  </testcase> <!-- @AfterTest afterTest -->
  <testcase name="login" time="5.043" classname="automationFramework.Accommodation_search_apply_filters_for_search_results"/>
  <testcase name="searchaccomodation" time="43.394" classname="automationFramework.Accommodation_search_apply_filters_for_search_results"/>
  <testcase name="login" time="4.835" classname="automationFramework.Accommodation_booking_for_adults_with_children"/>
  <testcase name="searchaccomodation" time="65.029" classname="automationFramework.Accommodation_booking_for_adults_with_children"/>
</testsuite> <!-- MyAdminSmoke -->
