<?xml version="1.0" encoding="UTF-8"?>
<testng-results skipped="0" failed="0" total="1" passed="1">
  <reporter-output>
  </reporter-output>
  <suite name="Suite" duration-ms="83908" started-at="2018-01-18T10:07:58Z" finished-at="2018-01-18T10:09:22Z">
    <groups>
    </groups>
    <test name="Test1" duration-ms="83908" started-at="2018-01-18T10:07:58Z" finished-at="2018-01-18T10:09:22Z">
      <class name="automationFramework.Accommodation_bookingHistory">
        <test-method status="PASS" signature="bookinghistory(java.lang.String)[pri:0, instance:automationFramework.Accommodation_bookingHistory@17d677df]" name="bookinghistory" duration-ms="83513" started-at="2018-01-18T15:37:58Z" finished-at="2018-01-18T15:39:22Z">
          <params>
            <param index="0">
              <value>
                <![CDATA[CH]]>
              </value>
            </param>
          </params>
          <reporter-output>
          </reporter-output>
        </test-method> <!-- bookinghistory -->
        <test-method status="PASS" signature="getResult(org.testng.ITestResult)[pri:0, instance:automationFramework.Accommodation_bookingHistory@17d677df]" name="getResult" is-config="true" duration-ms="4" started-at="2018-01-18T15:39:22Z" finished-at="2018-01-18T15:39:22Z">
          <params>
            <param index="0">
              <value>
                <![CDATA[[TestResult name=bookinghistory status=SUCCESS method=Accommodation_bookingHistory.bookinghistory(java.lang.String)[pri:0, instance:automationFramework.Accommodation_bookingHistory@17d677df] output={null}]]]>
              </value>
            </param>
          </params>
          <reporter-output>
          </reporter-output>
        </test-method> <!-- getResult -->
        <test-method status="PASS" signature="afterTest()[pri:0, instance:automationFramework.Accommodation_bookingHistory@17d677df]" name="afterTest" is-config="true" duration-ms="372" started-at="2018-01-18T15:39:22Z" finished-at="2018-01-18T15:39:22Z">
          <reporter-output>
          </reporter-output>
        </test-method> <!-- afterTest -->
      </class> <!-- automationFramework.Accommodation_bookingHistory -->
    </test> <!-- Test1 -->
  </suite> <!-- Suite -->
</testng-results>
